0 info it worked if it ends with ok
1 verbose cli [ '/usr/local/Cellar/node/6.2.1/bin/node',
1 verbose cli   '/usr/local/bin/npm',
1 verbose cli   'version',
1 verbose cli   'patch' ]
2 info using npm@3.9.6
3 info using node@v6.2.1
4 info git [ 'status', '--porcelain' ]
5 verbose stack Error: Git working directory not clean.
5 verbose stack M .babelrc
5 verbose stack M .gitignore
5 verbose stack D index.js
5 verbose stack M package.json
5 verbose stack M test/test.js
5 verbose stack     at /usr/local/lib/node_modules/npm/lib/version.js:246:19
5 verbose stack     at ChildProcess.exithandler (child_process.js:198:7)
5 verbose stack     at emitTwo (events.js:106:13)
5 verbose stack     at ChildProcess.emit (events.js:191:7)
5 verbose stack     at maybeClose (internal/child_process.js:852:16)
5 verbose stack     at Process.ChildProcess._handle.onexit (internal/child_process.js:215:5)
6 verbose cwd /Users/basdevries/Documents/phoneNumberUtils
7 error Darwin 15.5.0
8 error argv "/usr/local/Cellar/node/6.2.1/bin/node" "/usr/local/bin/npm" "version" "patch"
9 error node v6.2.1
10 error npm  v3.9.6
11 error Git working directory not clean.
11 error M .babelrc
11 error M .gitignore
11 error D index.js
11 error M package.json
11 error M test/test.js
12 error If you need help, you may report this error at:
12 error     <https://github.com/npm/npm/issues>
13 verbose exit [ 1, true ]
